<?xml version="1.0" encoding="UTF-8"?>
<testng-results ignored="0" total="3" passed="1" failed="1" skipped="1">
  <reporter-output>
  </reporter-output>
  <suite started-at="2022-03-29T14:38:18 IST" name="Default suite" finished-at="2022-03-29T14:38:40 IST" duration-ms="22033">
    <groups>
    </groups>
    <test started-at="2022-03-29T14:38:18 IST" name="Default test" finished-at="2022-03-29T14:38:40 IST" duration-ms="22033">
      <class name="practice.SampleExtentReportsExample">
        <test-method is-config="true" signature="bs()[pri:0, instance:practice.SampleExtentReportsExample@66f57048]" started-at="2022-03-29T14:38:18 IST" name="bs" finished-at="2022-03-29T14:38:18 IST" duration-ms="9" status="PASS">
          <reporter-output>
          </reporter-output>
        </test-method> <!-- bs -->
        <test-method is-config="true" signature="ts()[pri:0, instance:practice.SampleExtentReportsExample@66f57048]" started-at="2022-03-29T14:38:18 IST" name="ts" finished-at="2022-03-29T14:38:18 IST" duration-ms="1" status="PASS">
          <reporter-output>
          </reporter-output>
        </test-method> <!-- ts -->
        <test-method is-config="true" signature="bc()[pri:0, instance:practice.SampleExtentReportsExample@66f57048]" started-at="2022-03-29T14:38:18 IST" name="bc" finished-at="2022-03-29T14:38:23 IST" duration-ms="4992" status="PASS">
          <reporter-output>
          </reporter-output>
        </test-method> <!-- bc -->
        <test-method is-config="true" signature="bm()[pri:0, instance:practice.SampleExtentReportsExample@66f57048]" started-at="2022-03-29T14:38:23 IST" name="bm" finished-at="2022-03-29T14:38:26 IST" duration-ms="2947" status="PASS">
          <reporter-output>
          </reporter-output>
        </test-method> <!-- bm -->
        <test-method signature="createTest()[pri:0, instance:practice.SampleExtentReportsExample@66f57048]" started-at="2022-03-29T14:38:26 IST" name="createTest" finished-at="2022-03-29T14:38:26 IST" duration-ms="10" status="PASS">
          <reporter-output>
          </reporter-output>
        </test-method> <!-- createTest -->
        <test-method is-config="true" signature="am()[pri:0, instance:practice.SampleExtentReportsExample@66f57048]" started-at="2022-03-29T14:38:26 IST" name="am" finished-at="2022-03-29T14:38:32 IST" duration-ms="5292" status="PASS">
          <reporter-output>
          </reporter-output>
        </test-method> <!-- am -->
        <test-method is-config="true" signature="bm()[pri:0, instance:practice.SampleExtentReportsExample@66f57048]" started-at="2022-03-29T14:38:32 IST" name="bm" finished-at="2022-03-29T14:38:35 IST" duration-ms="2995" status="PASS">
          <reporter-output>
          </reporter-output>
        </test-method> <!-- bm -->
        <test-method signature="modifyTest()[pri:0, instance:practice.SampleExtentReportsExample@66f57048]" started-at="2022-03-29T14:38:35 IST" name="modifyTest" finished-at="2022-03-29T14:38:35 IST" duration-ms="6" status="FAIL">
          <exception class="java.lang.AssertionError">
            <message>
              <![CDATA[null]]>
            </message>
            <full-stacktrace>
              <![CDATA[java.lang.AssertionError: null
at org.testng.Assert.fail(Assert.java:99)
at org.testng.Assert.fail(Assert.java:106)
at practice.SampleExtentReportsExample.modifyTest(SampleExtentReportsExample.java:19)
at java.base/jdk.internal.reflect.NativeMethodAccessorImpl.invoke0(Native Method)
at java.base/jdk.internal.reflect.NativeMethodAccessorImpl.invoke(NativeMethodAccessorImpl.java:78)
at java.base/jdk.internal.reflect.DelegatingMethodAccessorImpl.invoke(DelegatingMethodAccessorImpl.java:43)
at java.base/java.lang.reflect.Method.invoke(Method.java:567)
at org.testng.internal.MethodInvocationHelper.invokeMethod(MethodInvocationHelper.java:133)
at org.testng.internal.TestInvoker.invokeMethod(TestInvoker.java:598)
at org.testng.internal.TestInvoker.invokeTestMethod(TestInvoker.java:173)
at org.testng.internal.MethodRunner.runInSequence(MethodRunner.java:46)
at org.testng.internal.TestInvoker$MethodInvocationAgent.invoke(TestInvoker.java:824)
at org.testng.internal.TestInvoker.invokeTestMethods(TestInvoker.java:146)
at org.testng.internal.TestMethodWorker.invokeTestMethods(TestMethodWorker.java:146)
at org.testng.internal.TestMethodWorker.run(TestMethodWorker.java:128)
at java.base/java.util.ArrayList.forEach(ArrayList.java:1511)
at org.testng.TestRunner.privateRun(TestRunner.java:794)
at org.testng.TestRunner.run(TestRunner.java:596)
at org.testng.SuiteRunner.runTest(SuiteRunner.java:377)
at org.testng.SuiteRunner.runSequentially(SuiteRunner.java:371)
at org.testng.SuiteRunner.privateRun(SuiteRunner.java:332)
at org.testng.SuiteRunner.run(SuiteRunner.java:276)
at org.testng.SuiteRunnerWorker.runSuite(SuiteRunnerWorker.java:53)
at org.testng.SuiteRunnerWorker.run(SuiteRunnerWorker.java:96)
at org.testng.TestNG.runSuitesSequentially(TestNG.java:1212)
at org.testng.TestNG.runSuitesLocally(TestNG.java:1134)
at org.testng.TestNG.runSuites(TestNG.java:1063)
at org.testng.TestNG.run(TestNG.java:1031)
at org.testng.remote.AbstractRemoteTestNG.run(AbstractRemoteTestNG.java:115)
at org.testng.remote.RemoteTestNG.initAndRun(RemoteTestNG.java:251)
at org.testng.remote.RemoteTestNG.main(RemoteTestNG.java:77)
]]>
            </full-stacktrace>
          </exception> <!-- java.lang.AssertionError -->
          <reporter-output>
          </reporter-output>
        </test-method> <!-- modifyTest -->
        <test-method is-config="true" signature="am()[pri:0, instance:practice.SampleExtentReportsExample@66f57048]" started-at="2022-03-29T14:38:35 IST" name="am" finished-at="2022-03-29T14:38:40 IST" duration-ms="4852" status="PASS">
          <reporter-output>
          </reporter-output>
        </test-method> <!-- am -->
        <test-method signature="deleteTest()[pri:0, instance:practice.SampleExtentReportsExample@66f57048]" started-at="2022-03-29T14:38:40 IST" name="deleteTest" finished-at="2022-03-29T14:38:40 IST" depends-on-methods="practice.SampleExtentReportsExample.modifyTest" duration-ms="0" status="SKIP">
          <exception class="java.lang.Throwable">
            <message>
              <![CDATA[Method SampleExtentReportsExample.deleteTest()[pri:0, instance:practice.SampleExtentReportsExample@66f57048] depends on not successfully finished methods]]>
            </message>
            <full-stacktrace>
              <![CDATA[java.lang.Throwable: Method SampleExtentReportsExample.deleteTest()[pri:0, instance:practice.SampleExtentReportsExample@66f57048] depends on not successfully finished methods
at org.testng.internal.TestInvoker.invokeTestMethods(TestInvoker.java:102)
at org.testng.internal.TestMethodWorker.invokeTestMethods(TestMethodWorker.java:146)
at org.testng.internal.TestMethodWorker.run(TestMethodWorker.java:128)
at java.base/java.util.ArrayList.forEach(ArrayList.java:1511)
at org.testng.TestRunner.privateRun(TestRunner.java:794)
at org.testng.TestRunner.run(TestRunner.java:596)
at org.testng.SuiteRunner.runTest(SuiteRunner.java:377)
at org.testng.SuiteRunner.runSequentially(SuiteRunner.java:371)
at org.testng.SuiteRunner.privateRun(SuiteRunner.java:332)
at org.testng.SuiteRunner.run(SuiteRunner.java:276)
at org.testng.SuiteRunnerWorker.runSuite(SuiteRunnerWorker.java:53)
at org.testng.SuiteRunnerWorker.run(SuiteRunnerWorker.java:96)
at org.testng.TestNG.runSuitesSequentially(TestNG.java:1212)
at org.testng.TestNG.runSuitesLocally(TestNG.java:1134)
at org.testng.TestNG.runSuites(TestNG.java:1063)
at org.testng.TestNG.run(TestNG.java:1031)
at org.testng.remote.AbstractRemoteTestNG.run(AbstractRemoteTestNG.java:115)
at org.testng.remote.RemoteTestNG.initAndRun(RemoteTestNG.java:251)
at org.testng.remote.RemoteTestNG.main(RemoteTestNG.java:77)
]]>
            </full-stacktrace>
          </exception> <!-- java.lang.Throwable -->
          <reporter-output>
          </reporter-output>
        </test-method> <!-- deleteTest -->
        <test-method is-config="true" signature="ac()[pri:0, instance:practice.SampleExtentReportsExample@66f57048]" started-at="2022-03-29T14:38:40 IST" name="ac" finished-at="2022-03-29T14:38:40 IST" duration-ms="217" status="PASS">
          <reporter-output>
          </reporter-output>
        </test-method> <!-- ac -->
        <test-method is-config="true" signature="at()[pri:0, instance:practice.SampleExtentReportsExample@66f57048]" started-at="2022-03-29T14:38:40 IST" name="at" finished-at="2022-03-29T14:38:40 IST" duration-ms="0" status="PASS">
          <reporter-output>
          </reporter-output>
        </test-method> <!-- at -->
        <test-method is-config="true" signature="as()[pri:0, instance:practice.SampleExtentReportsExample@66f57048]" started-at="2022-03-29T14:38:41 IST" name="as" finished-at="2022-03-29T14:38:41 IST" duration-ms="0" status="PASS">
          <reporter-output>
          </reporter-output>
        </test-method> <!-- as -->
      </class> <!-- practice.SampleExtentReportsExample -->
    </test> <!-- Default test -->
  </suite> <!-- Default suite -->
</testng-results>
